INFO [2025-04-24 12:42:24] $x
INFO [2025-04-24 12:42:24] list(Les_ID, Gad_ID, SC_ID, ST_ID)
INFO [2025-04-24 12:42:24] 
INFO [2025-04-24 12:42:24] $filename
INFO [2025-04-24 12:42:24] [1] "venn.png"
INFO [2025-04-24 12:42:24] 
INFO [2025-04-24 12:42:24] $compression
INFO [2025-04-24 12:42:24] [1] "none"
INFO [2025-04-24 12:42:24] 
INFO [2025-04-24 12:42:24] $category.names
INFO [2025-04-24 12:42:24] c("Lesion burden (38)", "Gadolinium (10)", "Spinal cord (9)", 
INFO [2025-04-24 12:42:24]     "Subtentorial (6)")
INFO [2025-04-24 12:42:24] 
INFO [2025-04-24 12:42:24] $col
INFO [2025-04-24 12:42:24] c("purple", "#0DC9A7", "#13913B", "#FFEA46FF")
INFO [2025-04-24 12:42:24] 
INFO [2025-04-24 12:42:24] $fill
INFO [2025-04-24 12:42:24] c("purple", "#0DC9A7", "#13913B", "#FFEA46FF")
INFO [2025-04-24 12:42:24] 
INFO [2025-04-24 12:42:24] $cex
INFO [2025-04-24 12:42:24] [1] 0.75
INFO [2025-04-24 12:42:24] 
INFO [2025-04-24 12:42:24] $fontfamily
INFO [2025-04-24 12:42:24] [1] "sans"
INFO [2025-04-24 12:42:24] 
INFO [2025-04-24 12:42:24] $cat.cex
INFO [2025-04-24 12:42:24] [1] 0.75
INFO [2025-04-24 12:42:24] 
INFO [2025-04-24 12:42:24] $cat.default.pos
INFO [2025-04-24 12:42:24] [1] "outer"
INFO [2025-04-24 12:42:24] 
INFO [2025-04-24 12:42:24] [[11]]
INFO [2025-04-24 12:42:24] 
INFO [2025-04-24 12:42:24] 
